<?xml version="1.0" encoding="UTF-8"?>
<testng-results ignored="0" total="4" passed="4" failed="0" skipped="0">
  <reporter-output>
  </reporter-output>
  <suite started-at="2023-06-17T12:12:56 IST" name="Default suite" finished-at="2023-06-17T12:14:26 IST" duration-ms="89640">
    <groups>
    </groups>
    <test started-at="2023-06-17T12:12:56 IST" name="Default test" finished-at="2023-06-17T12:14:26 IST" duration-ms="89640">
      <class name="testCases.TestCase">
        <test-method is-config="true" signature="openDriver()[pri:0, instance:testCases.TestCase@4803b726]" started-at="2023-06-17T12:12:51 IST" name="openDriver" finished-at="2023-06-17T12:12:56 IST" duration-ms="4869" status="PASS">
          <reporter-output>
          </reporter-output>
        </test-method> <!-- openDriver -->
        <test-method signature="testOne()[pri:1, instance:testCases.TestCase@4803b726]" started-at="2023-06-17T12:12:56 IST" name="testOne" finished-at="2023-06-17T12:13:00 IST" duration-ms="3762" status="PASS">
          <reporter-output>
          </reporter-output>
        </test-method> <!-- testOne -->
        <test-method signature="testTwo()[pri:2, instance:testCases.TestCase@4803b726]" started-at="2023-06-17T12:13:00 IST" name="testTwo" finished-at="2023-06-17T12:14:01 IST" duration-ms="60952" status="PASS">
          <reporter-output>
          </reporter-output>
        </test-method> <!-- testTwo -->
        <test-method signature="testThree()[pri:3, instance:testCases.TestCase@4803b726]" started-at="2023-06-17T12:14:01 IST" name="testThree" finished-at="2023-06-17T12:14:02 IST" duration-ms="1744" status="PASS">
          <reporter-output>
          </reporter-output>
        </test-method> <!-- testThree -->
        <test-method signature="testFour()[pri:4, instance:testCases.TestCase@4803b726]" started-at="2023-06-17T12:14:02 IST" name="testFour" finished-at="2023-06-17T12:14:26 IST" duration-ms="23103" status="PASS">
          <reporter-output>
          </reporter-output>
        </test-method> <!-- testFour -->
      </class> <!-- testCases.TestCase -->
    </test> <!-- Default test -->
  </suite> <!-- Default suite -->
</testng-results>
