<?xml version="1.0" encoding="UTF-8"?>
<!-- Generated by org.testng.reporters.JUnitXMLReporter -->
<testsuite ignored="0" hostname="LAPTOP-OC40VB3P" failures="0" tests="4" name="Default test" time="89.64" errors="0" timestamp="2023-06-17T12:14:26 IST">
  <testcase classname="testCases.TestCase" name="testOne" time="3.762"/>
  <testcase classname="testCases.TestCase" name="testTwo" time="60.952"/>
  <testcase classname="testCases.TestCase" name="testThree" time="1.744"/>
  <testcase classname="testCases.TestCase" name="testFour" time="23.103"/>
</testsuite> <!-- Default test -->
